<?xml version="1.0" encoding="UTF-8"?>
<coverage generated="1658156781764" clover="3.2.0">
  <project timestamp="1658156781764" name="All files">
    <metrics statements="15" coveredstatements="13" conditionals="8" coveredconditionals="6" methods="4" coveredmethods="4" elements="27" coveredelements="23" complexity="0" loc="15" ncloc="15" packages="2" files="2" classes="2"/>
    <package name="Dia_03">
      <metrics statements="11" coveredstatements="10" conditionals="4" coveredconditionals="3" methods="3" coveredmethods="3"/>
      <file name="loginValidation.js" path="/home/yuh/Área de Trabalho/GitHub/Trybe/Modulo1-Fundamentos_do_Desenvolvimento_Web/B7-Introducao_Javascript_ES6_Testes_Unitarios/Dia_03/loginValidation.js">
        <metrics statements="11" coveredstatements="10" conditionals="4" coveredconditionals="3" methods="3" coveredmethods="3"/>
        <line num="2" count="1" type="stmt"/>
        <line num="3" count="1" type="stmt"/>
        <line num="6" count="1" type="stmt"/>
        <line num="7" count="2" type="stmt"/>
        <line num="10" count="1" type="stmt"/>
        <line num="15" count="1" type="stmt"/>
        <line num="16" count="1" type="cond" truecount="3" falsecount="1"/>
        <line num="17" count="0" type="stmt"/>
        <line num="19" count="1" type="stmt"/>
        <line num="23" count="1" type="stmt"/>
        <line num="25" count="1" type="stmt"/>
      </file>
    </package>
    <package name="Dia_03.exercicios">
      <metrics statements="4" coveredstatements="3" conditionals="4" coveredconditionals="3" methods="1" coveredmethods="1"/>
      <file name="sum.js" path="/home/yuh/Área de Trabalho/GitHub/Trybe/Modulo1-Fundamentos_do_Desenvolvimento_Web/B7-Introducao_Javascript_ES6_Testes_Unitarios/Dia_03/exercicios/sum.js">
        <metrics statements="4" coveredstatements="3" conditionals="4" coveredconditionals="3" methods="1" coveredmethods="1"/>
        <line num="2" count="2" type="cond" truecount="3" falsecount="1"/>
        <line num="3" count="0" type="stmt"/>
        <line num="5" count="2" type="stmt"/>
        <line num="8" count="1" type="stmt"/>
      </file>
    </package>
  </project>
</coverage>
